# Server version 0.08 running on LAPTOP-5R2A9QOF:8123
# Game ID: 18
# Board class: pentago_twist.PentagoBoard
# Timeout: 2000
# First Move Timeout: 30000
# Date: Sat Apr 10 18:35:26 EDT 2021
# Player 1: Player-0, 'RandomPlayer', running on 127.0.0.1
# Player 2: Player-1, '260833487', running on 127.0.0.1
START Player-0 RandomPlayer
START Player-1 260833487
5 4 0 1 0
2 4 1 0 1
3 3 2 0 0
4 1 0 0 1
1 5 2 0 0
4 2 3 1 1
0 0 1 0 0
5 5 0 0 1
4 0 2 0 0
1 5 1 0 1
2 3 3 1 0
4 5 2 0 1
1 0 3 0 0
3 1 2 1 1
5 3 2 0 0
GAMEOVER WINNER 1
# Game ended: Sat Apr 10 18:35:26 EDT 2021
