# Server version 0.08 running on LAPTOP-5R2A9QOF:8123
# Game ID: 13
# Board class: pentago_twist.PentagoBoard
# Timeout: 2000
# First Move Timeout: 30000
# Date: Sat Apr 10 18:34:25 EDT 2021
# Player 1: Player-0, 'RandomPlayer', running on 127.0.0.1
# Player 2: Player-1, '260833487', running on 127.0.0.1
START Player-0 RandomPlayer
START Player-1 260833487
1 2 3 1 0
2 5 1 0 1
5 1 0 1 0
0 3 3 1 1
1 5 3 1 0
1 1 2 1 1
4 2 2 0 0
3 1 1 1 1
0 4 3 1 0
GAMEOVER DISCONNECTION Player-1 WINNER 0
# Game ended: Sat Apr 10 18:34:33 EDT 2021
