# Server version 0.08 running on LAPTOP-5R2A9QOF:8123
# Game ID: 27
# Board class: pentago_twist.PentagoBoard
# Timeout: 20000
# First Move Timeout: 30000
# Date: Tue Mar 23 17:23:28 EDT 2021
# Player 1: Player-0, '260833487', running on LAPTOP-5R2A9QOF
# Player 2: Player-1, 'RandomPlayer', running on LAPTOP-5R2A9QOF
START Player-0 260833487
START Player-1 RandomPlayer
1 0 2 0 0
4 4 2 0 1
0 2 1 0 0
1 1 1 0 1
4 0 0 1 0
1 4 1 1 1
1 5 2 1 0
1 0 2 1 1
5 4 1 1 0
4 2 1 1 1
4 3 0 0 0
5 3 0 0 1
4 1 2 1 0
0 3 2 1 1
3 3 0 0 0
3 4 0 0 1
5 5 0 0 0
1 2 0 0 1
3 1 3 0 0
2 4 3 0 1
2 3 0 0 0
5 1 3 0 1
3 0 3 0 0
1 3 3 0 1
0 0 2 1 0
3 0 2 1 1
0 5 0 0 0
2 1 0 0 1
GAMEOVER WINNER 1
# Game ended: Tue Mar 23 17:23:29 EDT 2021
