# Server version 0.08 running on LAPTOP-5R2A9QOF:8123
# Game ID: 5
# Board class: pentago_twist.PentagoBoard
# Timeout: 2000
# First Move Timeout: 30000
# Date: Sat Apr 10 18:30:30 EDT 2021
# Player 1: Player-0, 'RandomPlayer', running on 127.0.0.1
# Player 2: Player-1, '260833487', running on 127.0.0.1
START Player-0 RandomPlayer
START Player-1 260833487
5 0 3 0 0
5 5 0 0 1
2 4 2 1 0
4 1 3 1 1
4 5 1 1 0
5 1 0 1 1
4 0 3 1 0
5 3 2 0 1
1 0 0 1 0
1 3 3 0 1
4 2 0 0 0
0 1 2 0 1
3 5 3 0 0
1 5 2 0 1
3 4 3 1 0
5 5 2 1 1
5 2 0 0 0
2 5 3 0 1
3 1 0 1 0
5 4 2 0 1
0 3 2 0 0
3 2 2 1 1
2 3 1 0 0
2 2 2 0 1
5 0 2 0 0
GAMEOVER WINNER 0
# Game ended: Sat Apr 10 18:30:31 EDT 2021
